  stdafx.cpp
  card.cpp
C:\Users\alexb\source\repos\blackjack\BlackJack_V2\rng.h(13,78): warning C4305: 'argument': truncation from '__int64' to '_Ty'
          with
          [
              _Ty=unsigned int
          ]
C:\Users\alexb\source\repos\blackjack\BlackJack_V2\rng.h(13,67): warning C4309: 'argument': truncation of constant value
C:\Users\alexb\source\repos\blackjack\BlackJack_V2\rng.h(53,10): warning C4477: 'printf' : format string '%i' requires an argument of type 'int', but variadic argument 1 has type 'unsigned __int64'
C:\Users\alexb\source\repos\blackjack\BlackJack_V2\rng.h(53,10): message : consider using '%zi' in the format string
C:\Users\alexb\source\repos\blackjack\BlackJack_V2\rng.h(53,10): warning C4477: 'printf' : format string '%i' requires an argument of type 'int', but variadic argument 2 has type 'unsigned __int64'
C:\Users\alexb\source\repos\blackjack\BlackJack_V2\rng.h(53,10): message : consider using '%zi' in the format string
C:\Users\alexb\source\repos\blackjack\BlackJack_V2\rng.h(54,39): warning C4267: '=': conversion from 'size_t' to 'int', possible loss of data
  blackjack.cpp
C:\Users\alexb\source\repos\blackjack\BlackJack_V2\blackjack.cpp(345,9): warning C4477: 'printf' : format string '%i' requires an argument of type 'int', but variadic argument 1 has type 'unsigned __int64'
C:\Users\alexb\source\repos\blackjack\BlackJack_V2\blackjack.cpp(345,9): message : consider using '%zi' in the format string
C:\Users\alexb\source\repos\blackjack\BlackJack_V2\blackjack.cpp(364,11): warning C4477: 'printf' : format string '%i' requires an argument of type 'int', but variadic argument 1 has type 'unsigned __int64'
C:\Users\alexb\source\repos\blackjack\BlackJack_V2\blackjack.cpp(364,11): message : consider using '%zi' in the format string
C:\Program Files\Microsoft Visual Studio\2022\Community\VC\Tools\MSVC\14.32.31326\include\xmemory(676,18): error C2672: 'std::construct_at': no matching overloaded function found
C:\Program Files\Microsoft Visual Studio\2022\Community\VC\Tools\MSVC\14.32.31326\include\xmemory(1655): message : see reference to function template instantiation 'void std::_Default_allocator_traits<_Alloc>::construct<_Ty,int(&)[2]>(_Alloc &,_Objty (*const ),int (&)[2])' being compiled
          with
          [
              _Alloc=std::allocator<int [2]>,
              _Ty=int [2],
              _Objty=int [2]
          ]
C:\Program Files\Microsoft Visual Studio\2022\Community\VC\Tools\MSVC\14.32.31326\include\xmemory(1656): message : see reference to function template instantiation 'void std::_Default_allocator_traits<_Alloc>::construct<_Ty,int(&)[2]>(_Alloc &,_Objty (*const ),int (&)[2])' being compiled
          with
          [
              _Alloc=std::allocator<int [2]>,
              _Ty=int [2],
              _Objty=int [2]
          ]
C:\Program Files\Microsoft Visual Studio\2022\Community\VC\Tools\MSVC\14.32.31326\include\xmemory(1673): message : see reference to function template instantiation 'void std::_Uninitialized_backout_al<std::allocator<int [2]>>::_Emplace_back<int(&)[2]>(int (&)[2])' being compiled
C:\Program Files\Microsoft Visual Studio\2022\Community\VC\Tools\MSVC\14.32.31326\include\xmemory(1695): message : see reference to function template instantiation 'void std::_Uninitialized_backout_al<std::allocator<int [2]>>::_Emplace_back<int(&)[2]>(int (&)[2])' being compiled
C:\Program Files\Microsoft Visual Studio\2022\Community\VC\Tools\MSVC\14.32.31326\include\vector(1902): message : see reference to function template instantiation 'int (*std::_Uninitialized_copy<int(*)[2],std::allocator<int [2]>>(const _InIt,const _InIt,int (*)[2],_Alloc &))[2]' being compiled
          with
          [
              _InIt=int (*)[2],
              _Alloc=std::allocator<int [2]>
          ]
C:\Program Files\Microsoft Visual Studio\2022\Community\VC\Tools\MSVC\14.32.31326\include\vector(710): message : see reference to function template instantiation 'void std::vector<int [2],std::allocator<int [2]>>::_Construct_n<int(*const &)[2],int(*const &)[2]>(const unsigned __int64,int (*const &)[2],int (*const &)[2])' being compiled
C:\Program Files\Microsoft Visual Studio\2022\Community\VC\Tools\MSVC\14.32.31326\include\vector(710): message : see reference to function template instantiation 'void std::vector<int [2],std::allocator<int [2]>>::_Construct_n<int(*const &)[2],int(*const &)[2]>(const unsigned __int64,int (*const &)[2],int (*const &)[2])' being compiled
C:\Program Files\Microsoft Visual Studio\2022\Community\VC\Tools\MSVC\14.32.31326\include\vector(706): message : while compiling class template member function 'std::vector<int [2],std::allocator<int [2]>>::vector(const std::vector<int [2],std::allocator<int [2]>> &)'
C:\Program Files\Microsoft Visual Studio\2022\Community\VC\Tools\MSVC\14.32.31326\include\xmemory(680): message : see reference to function template instantiation 'std::vector<int [2],std::allocator<int [2]>>::vector(const std::vector<int [2],std::allocator<int [2]>> &)' being compiled
C:\Users\alexb\source\repos\blackjack\BlackJack_V2\blackjack.cpp(310): message : see reference to class template instantiation 'std::vector<int [2],std::allocator<int [2]>>' being compiled
C:\Program Files\Microsoft Visual Studio\2022\Community\VC\Tools\MSVC\14.32.31326\include\xmemory(676,18): error C2783: '_Ty *std::construct_at(_Ty *const ,_Types &&...) noexcept(<expr>)': could not deduce template argument for '<unnamed-symbol>'
C:\Program Files\Microsoft Visual Studio\2022\Community\VC\Tools\MSVC\14.32.31326\include\xutility(134): message : see declaration of 'std::construct_at'
C:\Program Files\Microsoft Visual Studio\2022\Community\VC\Tools\MSVC\14.32.31326\include\xmemory(680,68): error C2440: 'initializing': cannot convert from 'int [2]' to 'int'
C:\Program Files\Microsoft Visual Studio\2022\Community\VC\Tools\MSVC\14.32.31326\include\xmemory(680,68): message : There is no context in which this conversion is possible
  main.cpp
  Generating Code...
C:\Users\alexb\source\repos\blackjack\BlackJack_V2\card.cpp(20): warning C4715: 'Card::suitString': not all control paths return a value
